q:\visual studio\конструирование программного обеспечения\kpo 1laba\x64\debug\vc143.pdb
q:\visual studio\конструирование программного обеспечения\kpo 1laba\x64\debug\vc143.idb
q:\visual studio\конструирование программного обеспечения\kpo 1laba\x64\debug\1laba.obj
q:\visual studio\конструирование программного обеспечения\kpo 1laba\x64\debug\1laba.cod
q:\visual studio\конструирование программного обеспечения\kpo 1laba\x64\debug\function2.obj
q:\visual studio\конструирование программного обеспечения\kpo 1laba\x64\debug\function2.cod
q:\visual studio\конструирование программного обеспечения\kpo 1laba\x64\debug\function1.obj
q:\visual studio\конструирование программного обеспечения\kpo 1laba\x64\debug\function1.cod
q:\visual studio\конструирование программного обеспечения\kpo 1laba\x64\debug\1laba.pdb
q:\visual studio\конструирование программного обеспечения\kpo 1laba\x64\debug\1laba.tlog\cl.command.1.tlog
q:\visual studio\конструирование программного обеспечения\kpo 1laba\x64\debug\1laba.tlog\cl.read.1.tlog
q:\visual studio\конструирование программного обеспечения\kpo 1laba\x64\debug\1laba.tlog\cl.write.1.tlog
q:\visual studio\конструирование программного обеспечения\kpo 1laba\x64\debug\1laba.tlog\link-cvtres.read.1.tlog
q:\visual studio\конструирование программного обеспечения\kpo 1laba\x64\debug\1laba.tlog\link-cvtres.write.1.tlog
q:\visual studio\конструирование программного обеспечения\kpo 1laba\x64\debug\1laba.tlog\link-rc.read.1.tlog
q:\visual studio\конструирование программного обеспечения\kpo 1laba\x64\debug\1laba.tlog\link-rc.write.1.tlog
q:\visual studio\конструирование программного обеспечения\kpo 1laba\x64\debug\1laba.tlog\link.command.1.tlog
q:\visual studio\конструирование программного обеспечения\kpo 1laba\x64\debug\1laba.tlog\link.read.1.tlog
q:\visual studio\конструирование программного обеспечения\kpo 1laba\x64\debug\1laba.tlog\link.read.2.tlog
q:\visual studio\конструирование программного обеспечения\kpo 1laba\x64\debug\1laba.tlog\link.write.1.tlog
