q:\visual studio\оаип\laba 2\x64\debug\vc143.pdb
q:\visual studio\оаип\laba 2\x64\debug\vc143.idb
q:\visual studio\оаип\laba 2\x64\debug\ocnova2.obj
q:\visual studio\оаип\laba 2\x64\debug\ocnova2.exe
q:\visual studio\оаип\laba 2\x64\debug\ocnova2.ilk
q:\visual studio\оаип\laba 2\x64\debug\ocnova2.pdb
q:\visual studio\оаип\laba 2\x64\debug\source.obj
q:\visual studio\оаип\laba 2\x64\debug\task2.obj
q:\visual studio\оаип\laba 2\x64\debug\ocnova2.obj.enc
q:\visual studio\оаип\laba 2\x64\debug\task2.obj.enc
q:\visual studio\оаип\laba 2\x64\debug\lab2.ilk
q:\visual studio\оаип\laba 2\x64\debug\project1.ilk
q:\visual studio\оаип\laba 2\x64\debug\dop10.pdb
q:\visual studio\оаип\laba 2\x64\debug\dop4.1.pdb
q:\visual studio\оаип\laba 2\x64\debug\dop6.1.pdb
q:\visual studio\оаип\laba 2\x64\debug\lab2.pdb
q:\visual studio\оаип\laba 2\x64\debug\project1.pdb
q:\visual studio\оаип\laba 2\x64\debug\ocnova2.tlog\cl.command.1.tlog
q:\visual studio\оаип\laba 2\x64\debug\ocnova2.tlog\cl.items.tlog
q:\visual studio\оаип\laba 2\x64\debug\ocnova2.tlog\cl.read.1.tlog
q:\visual studio\оаип\laba 2\x64\debug\ocnova2.tlog\cl.write.1.tlog
q:\visual studio\оаип\laba 2\x64\debug\ocnova2.tlog\link.command.1.tlog
q:\visual studio\оаип\laba 2\x64\debug\ocnova2.tlog\link.read.1.tlog
q:\visual studio\оаип\laba 2\x64\debug\ocnova2.tlog\link.write.1.tlog
